\BOOKMARK [1][-]{section.1}{\376\377\000B\000e\000v\000e\000z\000e\000t\000\351\000s}{}% 1
\BOOKMARK [1][-]{section.2}{\376\377\000K\000a\000p\000c\000s\000o\000l\000\363\000d\000\363\000\040\000k\000u\000t\000a\000t\000\341\000s\000o\000k}{}% 2
\BOOKMARK [2][-]{subsection.2.1}{\376\377\000D\000E\000C\000A}{section.2}% 3
\BOOKMARK [3][-]{subsubsection.2.1.1}{\376\377\000K\000\363\000d\000o\000l\000\363}{subsection.2.1}% 4
\BOOKMARK [3][-]{subsubsection.2.1.2}{\376\377\000D\000e\000k\000\363\000d\000o\000l\000\363}{subsection.2.1}% 5
\BOOKMARK [3][-]{subsubsection.2.1.3}{\376\377\000R\000\351\000s\000z\000l\000e\000t\000k\000o\000n\000z\000i\000s\000z\000t\000e\000n\000c\000i\000a\000\040\000v\000e\000s\000z\000t\000e\000s\000\351\000g}{subsection.2.1}% 6
\BOOKMARK [3][-]{subsubsection.2.1.4}{\376\377\000T\000a\000n\000\355\000t\000\341\000s}{subsection.2.1}% 7
\BOOKMARK [3][-]{subsubsection.2.1.5}{\376\377\000A\000d\000a\000t\000h\000a\000l\000m\000a\000z\000o\000k}{subsection.2.1}% 8
\BOOKMARK [2][-]{subsection.2.2}{\376\377\000F\000O\000C\000U\000S}{section.2}% 9
\BOOKMARK [3][-]{subsubsection.2.2.1}{\376\377\000M\000o\000d\000e\000l\000l\000a\000l\000a\000p\000\372\000\040\000a\000u\000t\000o\000e\000n\000c\000o\000d\000e\000r}{subsection.2.2}% 10
\BOOKMARK [3][-]{subsubsection.2.2.2}{\376\377\000S\000z\000e\000g\000m\000e\000n\000t\000\341\000c\000i\000\363\000s\000\040\000h\000\341\000l\000\363\000z\000a\000t}{subsection.2.2}% 11
\BOOKMARK [3][-]{subsubsection.2.2.3}{\376\377\000T\000a\000n\000\355\000t\000\341\000s}{subsection.2.2}% 12
\BOOKMARK [3][-]{subsubsection.2.2.4}{\376\377\000A\000d\000a\000t\000h\000a\000l\000m\000a\000z\000o\000k}{subsection.2.2}% 13
\BOOKMARK [2][-]{subsection.2.3}{\376\377\000\311\000r\000t\000\351\000k\000e\000l\000\351\000s}{section.2}% 14
\BOOKMARK [1][-]{section.3}{\376\377\0003\000D\000\040\000a\000r\000c\000m\000o\000d\000e\000l\000l\000\040\000k\000o\000n\000s\000t\000r\000u\000\341\000l\000\341\000s\000a}{}% 15
\BOOKMARK [2][-]{subsection.3.1}{\376\377\000A\000r\000c\000k\000\351\000p\000f\000e\000l\000v\000\351\000t\000e\000l}{section.3}% 16
\BOOKMARK [2][-]{subsection.3.2}{\376\377\000A\000l\000a\000k\000f\000e\000l\000v\000\351\000t\000e\000l}{section.3}% 17
\BOOKMARK [3][-]{subsubsection.3.2.1}{\376\377\000S\000t\000a\000t\000i\000s\000z\000t\000i\000k\000a\000\040\000a\000l\000a\000p\000\372\000\040\000m\000o\000d\000e\000l\000l\000\040\000i\000l\000l\000e\000s\000z\000t\000\351\000s\000i\000\040\000m\000\363\000d\000s\000z\000e\000r\000e\000k}{subsection.3.2}% 18
\BOOKMARK [3][-]{subsubsection.3.2.2}{\376\377\000G\000e\000o\000m\000e\000t\000r\000i\000a\000i\000\040\000m\000\363\000d\000s\000z\000e\000r\000e\000k\000h\000e\000z}{subsection.3.2}% 19
\BOOKMARK [3][-]{subsubsection.3.2.3}{\376\377\000F\000o\000t\000o\000m\000e\000t\000r\000i\000k\000u\000s\000\040\000m\000\363\000d\000s\000z\000e\000r\000e\000k}{subsection.3.2}% 20
\BOOKMARK [3][-]{subsubsection.3.2.4}{\376\377\000H\000i\000b\000r\000i\000d\000\040\000m\000\363\000d\000s\000z\000e\000r\000e\000k}{subsection.3.2}% 21
\BOOKMARK [1][-]{section.4}{\376\377\000N\000e\000u\000r\000\341\000l\000i\000s\000\040\000h\000\341\000l\000\363\000z\000a\000t\000o\000k}{}% 22
\BOOKMARK [2][-]{subsection.4.1}{\376\377\000M\000i\000\040\000a\000z\000\040\000a\000\040\000n\000e\000u\000r\000\341\000l\000i\000s\000\040\000h\000\341\000l\000\363\000z\000a\000t\000?}{section.4}% 23
\BOOKMARK [2][-]{subsection.4.2}{\376\377\000M\000e\000s\000t\000e\000r\000s\000\351\000g\000e\000s\000\040\000n\000e\000u\000r\000\341\000l\000i\000s\000\040\000h\000\341\000l\000\363\000z\000a\000t\000o\000k}{section.4}% 24
\BOOKMARK [2][-]{subsection.4.3}{\376\377\000N\000e\000u\000r\000\341\000l\000i\000s\000\040\000h\000\341\000l\000\363\000z\000a\000t\000\040\000a\000r\000c\000h\000i\000t\000e\000k\000t\000\372\000r\000a}{section.4}% 25
\BOOKMARK [2][-]{subsection.4.4}{\376\377\000N\000e\000u\000r\000\341\000l\000i\000s\000\040\000h\000\341\000l\000\363\000k\000\040\000t\000a\000n\000\355\000t\000\341\000s\000a}{section.4}% 26
\BOOKMARK [3][-]{subsubsection.4.4.1}{\376\377\000F\000e\000l\000\374\000g\000y\000e\000l\000t\000\040\000t\000a\000n\000u\000l\000\341\000s\000\040\000\050\000s\000u\000p\000e\000r\000v\000i\000s\000e\000d\000\040\000l\000e\000a\000r\000n\000i\000n\000g\000\051}{subsection.4.4}% 27
\BOOKMARK [3][-]{subsubsection.4.4.2}{\376\377\000F\000e\000l\000\374\000g\000y\000e\000l\000e\000t\000\040\000n\000\351\000l\000k\000\374\000l\000i\000\040\000t\000a\000n\000u\000l\000\341\000s\000\040\000\050\000u\000n\000s\000u\000p\000e\000r\000v\000i\000s\000e\000d\000\040\000l\000e\000a\000r\000n\000i\000n\000g\000\051}{subsection.4.4}% 28
\BOOKMARK [3][-]{subsubsection.4.4.3}{\376\377\000M\000e\000g\000e\000r\001\121\000s\000\355\000t\000\351\000s\000e\000s\000\040\000t\000a\000n\000u\000l\000\341\000s\000\040\000\050\000r\000e\000i\000n\000f\000o\000r\000c\000e\000m\000e\000n\000t\000\040\000l\000e\000a\000r\000n\000i\000n\000g\000\051}{subsection.4.4}% 29
\BOOKMARK [2][-]{subsection.4.5}{\376\377\000K\000o\000n\000v\000o\000l\000\372\000c\000i\000\363\000s\000\040\000n\000e\000u\000r\000\341\000l\000i\000s\000\040\000h\000\341\000l\000\363\000z\000a\000t\000o\000k}{section.4}% 30
\BOOKMARK [2][-]{subsection.4.6}{\376\377\000A\000\040\000k\000o\000n\000v\000o\000l\000\372\000c\000i\000\363\000s\000\040\000n\000e\000u\000r\000\341\000l\000i\000s\000\040\000h\000\341\000l\000\363\000z\000a\000t\000\040\000\341\000l\000t\000a\000l\000\341\000n\000o\000s\000\040\000m\000o\000d\000e\000l\000l\000j\000e}{section.4}% 31
\BOOKMARK [3][-]{subsubsection.4.6.1}{\376\377\000\301\000l\000t\000a\000l\000\341\000n\000o\000s\000\040\000m\000o\000d\000e\000l\000l}{subsection.4.6}% 32
\BOOKMARK [3][-]{subsubsection.4.6.2}{\376\377\000K\000o\000n\000v\000o\000l\000\372\000c\000i\000\363\000s\000\040\000r\000\351\000t\000e\000g}{subsection.4.6}% 33
\BOOKMARK [3][-]{subsubsection.4.6.3}{\376\377\000\326\000s\000s\000z\000e\000v\000o\000n\000\363\000\040\000r\000\351\000t\000e\000g}{subsection.4.6}% 34
\BOOKMARK [3][-]{subsubsection.4.6.4}{\376\377\000T\000e\000l\000j\000e\000s\000e\000n\000\040\000\366\000s\000s\000z\000e\000k\000a\000p\000c\000s\000o\000l\000t\000\040\000r\000\351\000t\000e\000g}{subsection.4.6}% 35
\BOOKMARK [3][-]{subsubsection.4.6.5}{\376\377\000A\000k\000t\000i\000v\000\341\000c\000i\000\363\000s\000\040\000f\000\374\000g\000g\000v\000\351\000n\000y}{subsection.4.6}% 36
\BOOKMARK [1][-]{section.5}{\376\377\000D\000e\000e\000p\000\040\000L\000e\000a\000r\000n\000i\000n\000g\000\040\000m\000\363\000d\000s\000z\000e\000r\000e\000k}{}% 37
\BOOKMARK [2][-]{subsection.5.1}{\376\377\000D\000e\000e\000p\000\040\000F\000a\000c\000e\000\040\000m\000o\000d\000e\000l\000l\000e\000k}{section.5}% 38
\BOOKMARK [2][-]{subsection.5.2}{\376\377\000D\000e\000e\000p\000\040\000F\000a\000c\000e\000\040\000r\000e\000k\000o\000n\000s\000t\000r\000u\000k\000c\000i\000\363}{section.5}% 39
\BOOKMARK [3][-]{subsubsection.5.2.1}{\376\377\000F\000e\000l\000\374\000g\000y\000e\000l\000t\000\040\000r\000e\000k\000o\000n\000s\000t\000r\000u\000k\000c\000i\000\363}{subsection.5.2}% 40
\BOOKMARK [3][-]{subsubsection.5.2.2}{\376\377\000\326\000n\000f\000e\000l\000\374\000g\000y\000e\000l\000t\000\040\000r\000e\000k\000o\000n\000s\000t\000r\000u\000k\000c\000i\000\363}{subsection.5.2}% 41
\BOOKMARK [1][-]{section.6}{\376\377\000M\000e\000g\000v\000a\000l\000\363\000s\000\355\000t\000\341\000s}{}% 42
\BOOKMARK [2][-]{subsection.6.1}{\376\377\000F\000e\000l\000h\001\121\000\040\000a\000l\000a\000p\000\372\000\040\000a\000r\000c\000h\000i\000t\000e\000k\000t\000\372\000r\000a}{section.6}% 43
\BOOKMARK [2][-]{subsection.6.2}{\376\377\000A\000r\000c\000r\000e\000k\000o\000n\000s\000t\000r\000u\000k\000c\000i\000\363}{section.6}% 44
\BOOKMARK [2][-]{subsection.6.3}{\376\377\000P\000r\000o\000g\000r\000a\000m\000o\000z\000\341\000s\000i\000\040\000n\000y\000e\000l\000v}{section.6}% 45
\BOOKMARK [3][-]{subsubsection.6.3.1}{\376\377\000P\000y\000t\000h\000o\000n}{subsection.6.3}% 46
\BOOKMARK [3][-]{subsubsection.6.3.2}{\376\377\000C\000U\000D\000A\000\040\000C\000+\000+}{subsection.6.3}% 47
\BOOKMARK [3][-]{subsubsection.6.3.3}{\376\377\000C\000+\000+}{subsection.6.3}% 48
\BOOKMARK [2][-]{subsection.6.4}{\376\377\000T\000a\000n\000\355\000t\000\341\000s\000i\000\040\000a\000d\000a\000t\000o\000k}{section.6}% 49
\BOOKMARK [2][-]{subsection.6.5}{\376\377\000G\000\351\000p\000i\000\040\000t\000a\000n\000u\000l\000\341\000s\000i\000\040\000k\000e\000r\000e\000t\000r\000e\000n\000d\000s\000z\000e\000r\000e\000k}{section.6}% 50
\BOOKMARK [3][-]{subsubsection.6.5.1}{\376\377\000K\000e\000r\000a\000s}{subsection.6.5}% 51
\BOOKMARK [3][-]{subsubsection.6.5.2}{\376\377\000P\000y\000T\000o\000r\000c\000h}{subsection.6.5}% 52
\BOOKMARK [3][-]{subsubsection.6.5.3}{\376\377\000T\000e\000n\000s\000o\000r\000F\000l\000o\000w}{subsection.6.5}% 53
\BOOKMARK [3][-]{subsubsection.6.5.4}{\376\377\000K\000o\000n\000k\000l\000u\000z\000i\000\363}{subsection.6.5}% 54
